#
# There is insufficient memory for the Java Runtime Environment to continue.
# Native memory allocation (mmap) failed to map 174063616 bytes for committing reserved memory.
# Possible reasons:
#   The system is out of physical RAM or swap space
#   In 32 bit mode, the process size limit was hit
# Possible solutions:
#   Reduce memory load on the system
#   Increase physical memory or swap space
#   Check if swap backing store is full
#   Use 64 bit Java on a 64 bit OS
#   Decrease Java heap size (-Xmx/-Xms)
#   Decrease number of Java threads
#   Decrease Java thread stack sizes (-Xss)
#   Set larger code cache with -XX:ReservedCodeCacheSize=
# This output file may be truncated or incomplete.
#
#  Out of Memory Error (os_linux.cpp:2627), pid=16408, tid=0x00007f5518bef700
#
# JRE version: OpenJDK Runtime Environment (8.0_76-b03) (build 1.8.0_76-release-b03)
# Java VM: OpenJDK 64-Bit Server VM (25.76-b03 mixed mode linux-amd64 compressed oops)
# Failed to write core dump. Core dumps have been disabled. To enable core dumping, try "ulimit -c unlimited" before starting Java again
#

---------------  T H R E A D  ---------------

Current thread (0x00007f552c077800):  VMThread [stack: 0x00007f5518aef000,0x00007f5518bf0000] [id=16429]

Stack: [0x00007f5518aef000,0x00007f5518bf0000],  sp=0x00007f5518bee4c0,  free space=1021k
Native frames: (J=compiled Java code, j=interpreted, Vv=VM code, C=native code)
V  [libjvm.so+0x9d9fcd]  VMError::report_and_die()+0x15d
V  [libjvm.so+0x4b4d4a]  report_vm_out_of_memory(char const*, int, unsigned long, VMErrorType, char const*)+0x8a
V  [libjvm.so+0x845190]  os::pd_commit_memory(char*, unsigned long, unsigned long, bool)+0xf0
V  [libjvm.so+0x83fcbf]  os::commit_memory(char*, unsigned long, unsigned long, bool)+0x1f
V  [libjvm.so+0x8b4d9b]  PSVirtualSpace::expand_by(unsigned long)+0x5b
V  [libjvm.so+0x8b5a10]  PSYoungGen::resize_generation(unsigned long, unsigned long)+0xb0
V  [libjvm.so+0x8b5d2b]  PSYoungGen::resize(unsigned long, unsigned long)+0x1b
V  [libjvm.so+0x8b241c]  PSScavenge::invoke_no_policy()+0xdac
V  [libjvm.so+0x8b2bf8]  PSScavenge::invoke()+0x38
V  [libjvm.so+0x8681f3]  ParallelScavengeHeap::failed_mem_allocate(unsigned long)+0x63
V  [libjvm.so+0x9dba94]  VM_ParallelGCFailedAllocation::doit()+0x84
V  [libjvm.so+0x9dfe47]  VM_Operation::evaluate()+0x47
V  [libjvm.so+0x9de908]  VMThread::evaluate_operation(VM_Operation*)+0x2c8
V  [libjvm.so+0x9ded89]  VMThread::loop()+0x219
V  [libjvm.so+0x9df1d2]  VMThread::run()+0x72
V  [libjvm.so+0x8425b2]  java_start(Thread*)+0xf2

VM_Operation (0x00007f54ebaf9120): ParallelGCFailedAllocation, mode: safepoint, requested by thread 0x00007f552c17f000


---------------  P R O C E S S  ---------------

Java Threads: ( => current thread )
  0x00007f552c180800 JavaThread "pool-2-thread-4" [_thread_blocked, id=16483, stack(0x00007f54eb8f9000,0x00007f54eb9fa000)]
  0x00007f552c17f000 JavaThread "pool-2-thread-3" [_thread_blocked, id=16482, stack(0x00007f54eb9fa000,0x00007f54ebafb000)]
  0x00007f552c17b000 JavaThread "pool-2-thread-2" [_thread_blocked, id=16481, stack(0x00007f54ebafb000,0x00007f54ebbfc000)]
  0x00007f552c16c800 JavaThread "pool-3-thread-1" [_thread_blocked, id=16480, stack(0x00007f54ebbfc000,0x00007f54ebcfd000)]
  0x00007f552c16b000 JavaThread "pool-2-thread-1" [_thread_blocked, id=16479, stack(0x00007f54ebcfd000,0x00007f54ebdfe000)]
  0x00007f552c0c0800 JavaThread "Service Thread" daemon [_thread_blocked, id=16451, stack(0x00007f54ebeff000,0x00007f54ec000000)]
  0x00007f552c0bd800 JavaThread "C1 CompilerThread2" daemon [_thread_blocked, id=16446, stack(0x00007f551805f000,0x00007f5518160000)]
  0x00007f552c0bb800 JavaThread "C2 CompilerThread1" daemon [_thread_blocked, id=16445, stack(0x00007f5518160000,0x00007f5518261000)]
  0x00007f552c0b9000 JavaThread "C2 CompilerThread0" daemon [_thread_blocked, id=16440, stack(0x00007f5518261000,0x00007f5518362000)]
  0x00007f552c0b7800 JavaThread "Signal Dispatcher" daemon [_thread_blocked, id=16439, stack(0x00007f5518362000,0x00007f5518463000)]
  0x00007f552c084000 JavaThread "Finalizer" daemon [_thread_blocked, id=16437, stack(0x00007f55188ed000,0x00007f55189ee000)]
  0x00007f552c07f000 JavaThread "Reference Handler" daemon [_thread_blocked, id=16433, stack(0x00007f55189ee000,0x00007f5518aef000)]
  0x00007f552c00a000 JavaThread "main" [_thread_blocked, id=16416, stack(0x00007f55330b4000,0x00007f55331b5000)]

Other Threads:
=>0x00007f552c077800 VMThread [stack: 0x00007f5518aef000,0x00007f5518bf0000] [id=16429]
  0x00007f552c0c2800 WatcherThread [stack: 0x00007f54ebdfe000,0x00007f54ebeff000] [id=16455]

VM state:at safepoint (normal execution)

VM Mutex/Monitor currently owned by a thread:  ([mutex/lock_event])
[0x00007f552c0066d0] Threads_lock - owner thread: 0x00007f552c077800
[0x00007f552c006bd0] Heap_lock - owner thread: 0x00007f552c17f000

Heap:
 PSYoungGen      total 132096K, used 5109K [0x00000000eab00000, 0x00000000f3100000, 0x0000000100000000)
  eden space 126976K, 0% used [0x00000000eab00000,0x00000000eab00000,0x00000000f2700000)
  from space 5120K, 99% used [0x00000000f2700000,0x00000000f2bfd5d8,0x00000000f2c00000)
  to   space 5120K, 0% used [0x00000000f2c00000,0x00000000f2c00000,0x00000000f3100000)
 ParOldGen       total 84992K, used 41769K [0x00000000c0000000, 0x00000000c5300000, 0x00000000eab00000)
  object space 84992K, 49% used [0x00000000c0000000,0x00000000c28ca6f0,0x00000000c5300000)
 Metaspace       used 6295K, capacity 7152K, committed 7296K, reserved 1056768K
  class space    used 589K, capacity 616K, committed 640K, reserved 1048576K

Card table byte_map: [0x00007f5530117000,0x00007f5530318000] byte_map_base: 0x00007f552fb17000

Marking Bits: (ParMarkBitMap*) 0x00007f55325891a0
 Begin Bits: [0x00007f551a7e7000, 0x00007f551b7e7000)
 End Bits:   [0x00007f551b7e7000, 0x00007f551c7e7000)

Polling page: 0x00007f55331d9000

CodeCache: size=245760Kb used=6815Kb max_used=6815Kb free=238944Kb
 bounds [0x00007f551d000000, 0x00007f551d6b0000, 0x00007f552c000000]
 total_blobs=2167 nmethods=1897 adapters=182
 compilation: enabled

Compilation events (10 events):
Event: 16.273 Thread 0x00007f552c0bd800 2345       2       com.android.dx.dex.file.ClassDefItem::<init> (110 bytes)
Event: 16.273 Thread 0x00007f552c0bd800 nmethod 2345 0x00007f551d6a85d0 code [0x00007f551d6a87a0, 0x00007f551d6a8dc8]
Event: 16.273 Thread 0x00007f552c0bd800 2346   !   2       com.android.dx.dex.cf.AttributeTranslator::getClassAnnotations (135 bytes)
Event: 16.279 Thread 0x00007f552c0bd800 nmethod 2346 0x00007f551d6a90d0 code [0x00007f551d6a9380, 0x00007f551d6aa0a8]
Event: 16.311 Thread 0x00007f552c0bd800 2350       2       com.android.dx.dex.file.AnnotationsDirectoryItem::setClassAnnotations (45 bytes)
Event: 16.312 Thread 0x00007f552c0bd800 nmethod 2350 0x00007f551d6aac90 code [0x00007f551d6aae20, 0x00007f551d6ab188]
Event: 16.312 Thread 0x00007f552c0bd800 2349       2       com.android.dx.rop.code.Rops::opGetStatic (97 bytes)
Event: 16.313 Thread 0x00007f552c0bd800 nmethod 2349 0x00007f551d6ab350 code [0x00007f551d6ab540, 0x00007f551d6abab8]
Event: 16.316 Thread 0x00007f552c0bd800 2351       1       com.android.dx.ssa.PhiInsn::canThrow (2 bytes)
Event: 16.316 Thread 0x00007f552c0bd800 nmethod 2351 0x00007f551d6abdd0 code [0x00007f551d6abf20, 0x00007f551d6ac030]

GC Heap History (9 events):
Event: 4.444 GC heap before
{Heap before GC invocations=1 (full 0):
 PSYoungGen      total 36864K, used 31744K [0x00000000eab00000, 0x00000000ed400000, 0x0000000100000000)
  eden space 31744K, 100% used [0x00000000eab00000,0x00000000eca00000,0x00000000eca00000)
  from space 5120K, 0% used [0x00000000ecf00000,0x00000000ecf00000,0x00000000ed400000)
  to   space 5120K, 0% used [0x00000000eca00000,0x00000000eca00000,0x00000000ecf00000)
 ParOldGen       total 84992K, used 0K [0x00000000c0000000, 0x00000000c5300000, 0x00000000eab00000)
  object space 84992K, 0% used [0x00000000c0000000,0x00000000c0000000,0x00000000c5300000)
 Metaspace       used 5655K, capacity 6704K, committed 6784K, reserved 1056768K
  class space    used 567K, capacity 616K, committed 640K, reserved 1048576K
Event: 4.510 GC heap after
Heap after GC invocations=1 (full 0):
 PSYoungGen      total 36864K, used 4911K [0x00000000eab00000, 0x00000000ef300000, 0x0000000100000000)
  eden space 31744K, 0% used [0x00000000eab00000,0x00000000eab00000,0x00000000eca00000)
  from space 5120K, 95% used [0x00000000eca00000,0x00000000ececbc60,0x00000000ecf00000)
  to   space 5120K, 0% used [0x00000000eee00000,0x00000000eee00000,0x00000000ef300000)
 ParOldGen       total 84992K, used 8K [0x00000000c0000000, 0x00000000c5300000, 0x00000000eab00000)
  object space 84992K, 0% used [0x00000000c0000000,0x00000000c0002000,0x00000000c5300000)
 Metaspace       used 5655K, capacity 6704K, committed 6784K, reserved 1056768K
  class space    used 567K, capacity 616K, committed 640K, reserved 1048576K
}
Event: 7.322 GC heap before
{Heap before GC invocations=2 (full 0):
 PSYoungGen      total 36864K, used 36655K [0x00000000eab00000, 0x00000000ef300000, 0x0000000100000000)
  eden space 31744K, 100% used [0x00000000eab00000,0x00000000eca00000,0x00000000eca00000)
  from space 5120K, 95% used [0x00000000eca00000,0x00000000ececbc60,0x00000000ecf00000)
  to   space 5120K, 0% used [0x00000000eee00000,0x00000000eee00000,0x00000000ef300000)
 ParOldGen       total 84992K, used 8K [0x00000000c0000000, 0x00000000c5300000, 0x00000000eab00000)
  object space 84992K, 0% used [0x00000000c0000000,0x00000000c0002000,0x00000000c5300000)
 Metaspace       used 5795K, capacity 6832K, committed 7040K, reserved 1056768K
  class space    used 569K, capacity 616K, committed 640K, reserved 1048576K
Event: 7.449 GC heap after
Heap after GC invocations=2 (full 0):
 PSYoungGen      total 68608K, used 5089K [0x00000000eab00000, 0x00000000ef300000, 0x0000000100000000)
  eden space 63488K, 0% used [0x00000000eab00000,0x00000000eab00000,0x00000000ee900000)
  from space 5120K, 99% used [0x00000000eee00000,0x00000000ef2f86d8,0x00000000ef300000)
  to   space 5120K, 0% used [0x00000000ee900000,0x00000000ee900000,0x00000000eee00000)
 ParOldGen       total 84992K, used 3782K [0x00000000c0000000, 0x00000000c5300000, 0x00000000eab00000)
  object space 84992K, 4% used [0x00000000c0000000,0x00000000c03b1a48,0x00000000c5300000)
 Metaspace       used 5795K, capacity 6832K, committed 7040K, reserved 1056768K
  class space    used 569K, capacity 616K, committed 640K, reserved 1048576K
}
Event: 10.182 GC heap before
{Heap before GC invocations=3 (full 0):
 PSYoungGen      total 68608K, used 68577K [0x00000000eab00000, 0x00000000ef300000, 0x0000000100000000)
  eden space 63488K, 100% used [0x00000000eab00000,0x00000000ee900000,0x00000000ee900000)
  from space 5120K, 99% used [0x00000000eee00000,0x00000000ef2f86d8,0x00000000ef300000)
  to   space 5120K, 0% used [0x00000000ee900000,0x00000000ee900000,0x00000000eee00000)
 ParOldGen       total 84992K, used 3782K [0x00000000c0000000, 0x00000000c5300000, 0x00000000eab00000)
  object space 84992K, 4% used [0x00000000c0000000,0x00000000c03b1a48,0x00000000c5300000)
 Metaspace       used 5905K, capacity 6896K, committed 7040K, reserved 1056768K
  class space    used 570K, capacity 616K, committed 640K, reserved 1048576K
Event: 10.533 GC heap after
Heap after GC invocations=3 (full 0):
 PSYoungGen      total 68608K, used 5109K [0x00000000eab00000, 0x00000000f3100000, 0x0000000100000000)
  eden space 63488K, 0% used [0x00000000eab00000,0x00000000eab00000,0x00000000ee900000)
  from space 5120K, 99% used [0x00000000ee900000,0x00000000eedfd5d8,0x00000000eee00000)
  to   space 5120K, 0% used [0x00000000f2c00000,0x00000000f2c00000,0x00000000f3100000)
 ParOldGen       total 84992K, used 13590K [0x00000000c0000000, 0x00000000c5300000, 0x00000000eab00000)
  object space 84992K, 15% used [0x00000000c0000000,0x00000000c0d45aa8,0x00000000c5300000)
 Metaspace       used 5905K, capacity 6896K, committed 7040K, reserved 1056768K
  class space    used 570K, capacity 616K, committed 640K, reserved 1048576K
}
Event: 12.187 GC heap before
{Heap before GC invocations=4 (full 0):
 PSYoungGen      total 68608K, used 68597K [0x00000000eab00000, 0x00000000f3100000, 0x0000000100000000)
  eden space 63488K, 100% used [0x00000000eab00000,0x00000000ee900000,0x00000000ee900000)
  from space 5120K, 99% used [0x00000000ee900000,0x00000000eedfd5d8,0x00000000eee00000)
  to   space 5120K, 0% used [0x00000000f2c00000,0x00000000f2c00000,0x00000000f3100000)
 ParOldGen       total 84992K, used 13590K [0x00000000c0000000, 0x00000000c5300000, 0x00000000eab00000)
  object space 84992K, 15% used [0x00000000c0000000,0x00000000c0d45aa8,0x00000000c5300000)
 Metaspace       used 6088K, capacity 7024K, committed 7296K, reserved 1056768K
  class space    used 589K, capacity 616K, committed 640K, reserved 1048576K
Event: 12.450 GC heap after
Heap after GC invocations=4 (full 0):
 PSYoungGen      total 132096K, used 5102K [0x00000000eab00000, 0x00000000f3100000, 0x0000000100000000)
  eden space 126976K, 0% used [0x00000000eab00000,0x00000000eab00000,0x00000000f2700000)
  from space 5120K, 99% used [0x00000000f2c00000,0x00000000f30fb828,0x00000000f3100000)
  to   space 5120K, 0% used [0x00000000f2700000,0x00000000f2700000,0x00000000f2c00000)
 ParOldGen       total 84992K, used 23492K [0x00000000c0000000, 0x00000000c5300000, 0x00000000eab00000)
  object space 84992K, 27% used [0x00000000c0000000,0x00000000c16f1398,0x00000000c5300000)
 Metaspace       used 6088K, capacity 7024K, committed 7296K, reserved 1056768K
  class space    used 589K, capacity 616K, committed 640K, reserved 1048576K
}
Event: 16.344 GC heap before
{Heap before GC invocations=5 (full 0):
 PSYoungGen      total 132096K, used 132078K [0x00000000eab00000, 0x00000000f3100000, 0x0000000100000000)
  eden space 126976K, 100% used [0x00000000eab00000,0x00000000f2700000,0x00000000f2700000)
  from space 5120K, 99% used [0x00000000f2c00000,0x00000000f30fb828,0x00000000f3100000)
  to   space 5120K, 0% used [0x00000000f2700000,0x00000000f2700000,0x00000000f2c00000)
 ParOldGen       total 84992K, used 23492K [0x00000000c0000000, 0x00000000c5300000, 0x00000000eab00000)
  object space 84992K, 27% used [0x00000000c0000000,0x00000000c16f1398,0x00000000c5300000)
 Metaspace       used 6295K, capacity 7152K, committed 7296K, reserved 1056768K
  class space    used 589K, capacity 616K, committed 640K, reserved 1048576K

Deoptimization events (10 events):
Event: 8.523 Thread 0x00007f552c17b000 Uncommon trap: reason=bimorphic action=maybe_recompile pc=0x00007f551d21d9c4 method=java.util.HashMap.getNode(ILjava/lang/Object;)Ljava/util/HashMap$Node; @ 126
Event: 9.647 Thread 0x00007f552c17f000 Uncommon trap: reason=unstable_if action=reinterpret pc=0x00007f551d40be90 method=com.android.dx.ssa.SsaRenamer$BlockRenamer.addMapping(ILcom/android/dx/rop/code/RegisterSpec;)V @ 120
Event: 10.652 Thread 0x00007f552c17b000 Uncommon trap: reason=unstable_if action=reinterpret pc=0x00007f551d310c38 method=com.android.dx.rop.code.RegisterSpec.equals(ILcom/android/dx/rop/type/TypeBearer;Lcom/android/dx/rop/code/LocalItem;)Z @ 42
Event: 10.652 Thread 0x00007f552c17b000 Uncommon trap: reason=unstable_if action=reinterpret pc=0x00007f551d2a0160 method=com.android.dx.rop.code.RegisterSpec.equals(ILcom/android/dx/rop/type/TypeBearer;Lcom/android/dx/rop/code/LocalItem;)Z @ 42
Event: 10.791 Thread 0x00007f552c17b000 Uncommon trap: reason=bimorphic action=maybe_recompile pc=0x00007f551d21d9c4 method=java.util.HashMap.getNode(ILjava/lang/Object;)Ljava/util/HashMap$Node; @ 126
Event: 10.824 Thread 0x00007f552c17b000 Uncommon trap: reason=bimorphic action=maybe_recompile pc=0x00007f551d21d9c4 method=java.util.HashMap.getNode(ILjava/lang/Object;)Ljava/util/HashMap$Node; @ 126
Event: 10.828 Thread 0x00007f552c180800 Uncommon trap: reason=bimorphic action=maybe_recompile pc=0x00007f551d23ec30 method=java.util.HashMap.getNode(ILjava/lang/Object;)Ljava/util/HashMap$Node; @ 126
Event: 12.074 Thread 0x00007f552c16b000 Uncommon trap: reason=unstable_if action=reinterpret pc=0x00007f551d268fa8 method=java.util.HashMap.putVal(ILjava/lang/Object;Ljava/lang/Object;ZZ)Ljava/lang/Object; @ 162
Event: 12.465 Thread 0x00007f552c16b000 Uncommon trap: reason=unstable_if action=reinterpret pc=0x00007f551d53adec method=java.util.HashMap.getNode(ILjava/lang/Object;)Ljava/util/HashMap$Node; @ 84
Event: 15.895 Thread 0x00007f552c17b000 Uncommon trap: reason=unstable_if action=reinterpret pc=0x00007f551d4f6ed4 method=com.android.dx.ssa.SCCP.simulateStmt(Lcom/android/dx/ssa/SsaInsn;)V @ 59

Internal exceptions (7 events):
Event: 0.145 Thread 0x00007f552c00a000 Exception <a 'java/lang/NoSuchMethodError': Method sun.misc.Unsafe.defineClass(Ljava/lang/String;[BII)Ljava/lang/Class; name or signature does not match> (0x00000000eab07cc0) thrown at [/ssd/Android/AOSP-openjdk/external/jetbrains/jdk/hotspot/src/share/vm
Event: 0.146 Thread 0x00007f552c00a000 Exception <a 'java/lang/NoSuchMethodError': Method sun.misc.Unsafe.prefetchRead(Ljava/lang/Object;J)V name or signature does not match> (0x00000000eab07fa8) thrown at [/ssd/Android/AOSP-openjdk/external/jetbrains/jdk/hotspot/src/share/vm/prims/jni.cpp, li
Event: 4.827 Thread 0x00007f552c17f000 Implicit null exception at 0x00007f551d2af591 to 0x00007f551d2b1d89
Event: 7.297 Thread 0x00007f552c180800 Implicit null exception at 0x00007f551d350d62 to 0x00007f551d350e5b
Event: 12.090 Thread 0x00007f552c16b000 Exception <a 'java/lang/ArrayIndexOutOfBoundsException': 18> (0x00000000ee8288c8) thrown at [/ssd/Android/AOSP-openjdk/external/jetbrains/jdk/hotspot/src/share/vm/interpreter/interpreterRuntime.cpp, line 366]
Event: 12.091 Thread 0x00007f552c16b000 Exception <a 'java/lang/ArrayIndexOutOfBoundsException': 145> (0x00000000ee82a448) thrown at [/ssd/Android/AOSP-openjdk/external/jetbrains/jdk/hotspot/src/share/vm/interpreter/interpreterRuntime.cpp, line 366]
Event: 12.135 Thread 0x00007f552c16b000 Exception <a 'java/lang/ArrayIndexOutOfBoundsException': 40> (0x00000000ee82b730) thrown at [/ssd/Android/AOSP-openjdk/external/jetbrains/jdk/hotspot/src/share/vm/interpreter/interpreterRuntime.cpp, line 366]

Events (10 events):
Event: 15.895 Thread 0x00007f552c17b000 Uncommon trap: trap_request=0xffffff65 fr.pc=0x00007f551d4f6ed4
Event: 15.895 Thread 0x00007f552c17b000 DEOPT PACKING pc=0x00007f551d4f6ed4 sp=0x00007f54ebbfa060
Event: 15.895 Thread 0x00007f552c17b000 DEOPT UNPACKING pc=0x00007f551d004f69 sp=0x00007f54ebbfa048 mode 2
Event: 15.902 Thread 0x00007f552c00a000 DEOPT PACKING pc=0x00007f551d374868 sp=0x00007f55331b2600
Event: 15.902 Thread 0x00007f552c00a000 DEOPT UNPACKING pc=0x00007f551d047373 sp=0x00007f55331b2368 mode 0
Event: 16.199 Thread 0x00007f552c17b000 DEOPT PACKING pc=0x00007f551d490544 sp=0x00007f54ebbfa220
Event: 16.199 Thread 0x00007f552c17b000 DEOPT UNPACKING pc=0x00007f551d047373 sp=0x00007f54ebbf9fa0 mode 0
Event: 16.314 Thread 0x00007f552c16b000 DEOPT PACKING pc=0x00007f551d2a6702 sp=0x00007f54ebdfc080
Event: 16.314 Thread 0x00007f552c16b000 DEOPT UNPACKING pc=0x00007f551d047373 sp=0x00007f54ebdfbe68 mode 0
Event: 16.319 Executing VM operation: ParallelGCFailedAllocation


Dynamic libraries:
00400000-00401000 r-xp 00000000 08:02 9047318                            /home/vontroy/dev/android-studio/jre/bin/java
00600000-00601000 r--p 00000000 08:02 9047318                            /home/vontroy/dev/android-studio/jre/bin/java
00601000-00602000 rw-p 00001000 08:02 9047318                            /home/vontroy/dev/android-studio/jre/bin/java
01430000-01451000 rw-p 00000000 00:00 0                                  [heap]
c0000000-c5300000 rw-p 00000000 00:00 0 
c5300000-eab00000 ---p 00000000 00:00 0 
eab00000-f3100000 rw-p 00000000 00:00 0 
fd700000-100000000 ---p 00000000 00:00 0 
100000000-1000a0000 rw-p 00000000 00:00 0 
1000a0000-140000000 ---p 00000000 00:00 0 
7f54cc000000-7f54cc021000 rw-p 00000000 00:00 0 
7f54cc021000-7f54d0000000 ---p 00000000 00:00 0 
7f54d0000000-7f54d0021000 rw-p 00000000 00:00 0 
7f54d0021000-7f54d4000000 ---p 00000000 00:00 0 
7f54d4000000-7f54d4021000 rw-p 00000000 00:00 0 
7f54d4021000-7f54d8000000 ---p 00000000 00:00 0 
7f54d8000000-7f54d8028000 rw-p 00000000 00:00 0 
7f54d8028000-7f54dc000000 ---p 00000000 00:00 0 
7f54dc000000-7f54dc021000 rw-p 00000000 00:00 0 
7f54dc021000-7f54e0000000 ---p 00000000 00:00 0 
7f54e0000000-7f54e0035000 rw-p 00000000 00:00 0 
7f54e0035000-7f54e4000000 ---p 00000000 00:00 0 
7f54e4000000-7f54e4021000 rw-p 00000000 00:00 0 
7f54e4021000-7f54e8000000 ---p 00000000 00:00 0 
7f54eb8f9000-7f54eb8fc000 ---p 00000000 00:00 0 
7f54eb8fc000-7f54eb9fa000 rw-p 00000000 00:00 0 
7f54eb9fa000-7f54eb9fd000 ---p 00000000 00:00 0 
7f54eb9fd000-7f54ebafb000 rw-p 00000000 00:00 0 
7f54ebafb000-7f54ebafe000 ---p 00000000 00:00 0 
7f54ebafe000-7f54ebbfc000 rw-p 00000000 00:00 0 
7f54ebbfc000-7f54ebbff000 ---p 00000000 00:00 0 
7f54ebbff000-7f54ebcfd000 rw-p 00000000 00:00 0 
7f54ebcfd000-7f54ebd00000 ---p 00000000 00:00 0 
7f54ebd00000-7f54ebdfe000 rw-p 00000000 00:00 0 
7f54ebdfe000-7f54ebdff000 ---p 00000000 00:00 0 
7f54ebdff000-7f54ebeff000 rw-p 00000000 00:00 0 
7f54ebeff000-7f54ebf02000 ---p 00000000 00:00 0 
7f54ebf02000-7f54ec000000 rw-p 00000000 00:00 0 
7f54ec000000-7f54ec702000 rw-p 00000000 00:00 0 
7f54ec702000-7f54f0000000 ---p 00000000 00:00 0 
7f54f0000000-7f54f0890000 rw-p 00000000 00:00 0 
7f54f0890000-7f54f4000000 ---p 00000000 00:00 0 
7f54f4000000-7f54f4021000 rw-p 00000000 00:00 0 
7f54f4021000-7f54f8000000 ---p 00000000 00:00 0 
7f54f8000000-7f54f8d34000 rw-p 00000000 00:00 0 
7f54f8d34000-7f54fc000000 ---p 00000000 00:00 0 
7f54fc000000-7f54fc021000 rw-p 00000000 00:00 0 
7f54fc021000-7f5500000000 ---p 00000000 00:00 0 
7f5500000000-7f5500021000 rw-p 00000000 00:00 0 
7f5500021000-7f5504000000 ---p 00000000 00:00 0 
7f5504000000-7f5504021000 rw-p 00000000 00:00 0 
7f5504021000-7f5508000000 ---p 00000000 00:00 0 
7f5508000000-7f5508285000 rw-p 00000000 00:00 0 
7f5508285000-7f550c000000 ---p 00000000 00:00 0 
7f550c000000-7f550c021000 rw-p 00000000 00:00 0 
7f550c021000-7f5510000000 ---p 00000000 00:00 0 
7f5510000000-7f5510021000 rw-p 00000000 00:00 0 
7f5510021000-7f5514000000 ---p 00000000 00:00 0 
7f5514000000-7f5514021000 rw-p 00000000 00:00 0 
7f5514021000-7f5518000000 ---p 00000000 00:00 0 
7f5518047000-7f551805f000 r--s 000f9000 08:02 6164024                    /home/vontroy/.gradle/caches/modules-2/files-2.1/io.reactivex/rxjava/1.1.8/f9dbae366a6a3d6b5041c5e8db0dcdfdc35c27b5/rxjava-1.1.8.jar
7f551805f000-7f5518062000 ---p 00000000 00:00 0 
7f5518062000-7f5518160000 rw-p 00000000 00:00 0 
7f5518160000-7f5518163000 ---p 00000000 00:00 0 
7f5518163000-7f5518261000 rw-p 00000000 00:00 0 
7f5518261000-7f5518264000 ---p 00000000 00:00 0 
7f5518264000-7f5518362000 rw-p 00000000 00:00 0 
7f5518362000-7f5518365000 ---p 00000000 00:00 0 
7f5518365000-7f5518463000 rw-p 00000000 00:00 0 
7f5518463000-7f55188ed000 r--p 00000000 08:02 9830429                    /usr/lib/locale/locale-archive
7f55188ed000-7f55188f0000 ---p 00000000 00:00 0 
7f55188f0000-7f55189ee000 rw-p 00000000 00:00 0 
7f55189ee000-7f55189f1000 ---p 00000000 00:00 0 
7f55189f1000-7f5518aef000 rw-p 00000000 00:00 0 
7f5518aef000-7f5518af0000 ---p 00000000 00:00 0 
7f5518af0000-7f5519ba4000 rw-p 00000000 00:00 0 
7f5519ba4000-7f5519d71000 r--s 03bec000 08:02 9047375                    /home/vontroy/dev/android-studio/jre/jre/lib/rt.jar
7f5519d71000-7f551a467000 rw-p 00000000 00:00 0 
7f551a467000-7f551a5e7000 ---p 00000000 00:00 0 
7f551a5e7000-7f551c7e7000 rw-p 00000000 00:00 0 
7f551c7e7000-7f551c7e8000 ---p 00000000 00:00 0 
7f551c7e8000-7f551c8e8000 rw-p 00000000 00:00 0 
7f551c8e8000-7f551c8e9000 ---p 00000000 00:00 0 
7f551c8e9000-7f551c9e9000 rw-p 00000000 00:00 0 
7f551c9e9000-7f551c9ea000 ---p 00000000 00:00 0 
7f551c9ea000-7f551cb14000 rw-p 00000000 00:00 0 
7f551cb14000-7f551cc40000 ---p 00000000 00:00 0 
7f551cc40000-7f551cc5b000 rw-p 00000000 00:00 0 
7f551cc5b000-7f551d000000 ---p 00000000 00:00 0 
7f551d000000-7f551d6b0000 rwxp 00000000 00:00 0 
7f551d6b0000-7f552c000000 ---p 00000000 00:00 0 
7f552c000000-7f552c388000 rw-p 00000000 00:00 0 
7f552c388000-7f5530000000 ---p 00000000 00:00 0 
7f5530008000-7f5530016000 r--s 000e0000 08:02 6163841                    /home/vontroy/Android/Sdk/build-tools/24.0.2/lib/dx.jar
7f5530016000-7f5530017000 ---p 00000000 00:00 0 
7f5530017000-7f5530141000 rw-p 00000000 00:00 0 
7f5530141000-7f553026c000 ---p 00000000 00:00 0 
7f553026c000-7f55302b0000 rw-p 00000000 00:00 0 
7f55302b0000-7f5530317000 ---p 00000000 00:00 0 
7f5530317000-7f5530318000 rw-p 00000000 00:00 0 
7f5530318000-7f5530332000 r-xp 00000000 08:02 9047402                    /home/vontroy/dev/android-studio/jre/jre/lib/amd64/libzip.so
7f5530332000-7f5530532000 ---p 0001a000 08:02 9047402                    /home/vontroy/dev/android-studio/jre/jre/lib/amd64/libzip.so
7f5530532000-7f5530533000 r--p 0001a000 08:02 9047402                    /home/vontroy/dev/android-studio/jre/jre/lib/amd64/libzip.so
7f5530533000-7f5530534000 rw-p 0001b000 08:02 9047402                    /home/vontroy/dev/android-studio/jre/jre/lib/amd64/libzip.so
7f5530534000-7f553053f000 r-xp 00000000 08:02 262326                     /lib/x86_64-linux-gnu/libnss_files-2.23.so
7f553053f000-7f553073e000 ---p 0000b000 08:02 262326                     /lib/x86_64-linux-gnu/libnss_files-2.23.so
7f553073e000-7f553073f000 r--p 0000a000 08:02 262326                     /lib/x86_64-linux-gnu/libnss_files-2.23.so
7f553073f000-7f5530740000 rw-p 0000b000 08:02 262326                     /lib/x86_64-linux-gnu/libnss_files-2.23.so
7f5530740000-7f5530746000 rw-p 00000000 00:00 0 
7f5530746000-7f5530751000 r-xp 00000000 08:02 262323                     /lib/x86_64-linux-gnu/libnss_nis-2.23.so
7f5530751000-7f5530950000 ---p 0000b000 08:02 262323                     /lib/x86_64-linux-gnu/libnss_nis-2.23.so
7f5530950000-7f5530951000 r--p 0000a000 08:02 262323                     /lib/x86_64-linux-gnu/libnss_nis-2.23.so
7f5530951000-7f5530952000 rw-p 0000b000 08:02 262323                     /lib/x86_64-linux-gnu/libnss_nis-2.23.so
7f5530952000-7f5530968000 r-xp 00000000 08:02 262321                     /lib/x86_64-linux-gnu/libnsl-2.23.so
7f5530968000-7f5530b67000 ---p 00016000 08:02 262321                     /lib/x86_64-linux-gnu/libnsl-2.23.so
7f5530b67000-7f5530b68000 r--p 00015000 08:02 262321                     /lib/x86_64-linux-gnu/libnsl-2.23.so
7f5530b68000-7f5530b69000 rw-p 00016000 08:02 262321                     /lib/x86_64-linux-gnu/libnsl-2.23.so
7f5530b69000-7f5530b6b000 rw-p 00000000 00:00 0 
7f5530b6b000-7f5530b73000 r-xp 00000000 08:02 262319                     /lib/x86_64-linux-gnu/libnss_compat-2.23.so
7f5530b73000-7f5530d72000 ---p 00008000 08:02 262319                     /lib/x86_64-linux-gnu/libnss_compat-2.23.so
7f5530d72000-7f5530d73000 r--p 00007000 08:02 262319                     /lib/x86_64-linux-gnu/libnss_compat-2.23.so
7f5530d73000-7f5530d74000 rw-p 00008000 08:02 262319                     /lib/x86_64-linux-gnu/libnss_compat-2.23.so
7f5530d74000-7f5530da1000 r-xp 00000000 08:02 9047412                    /home/vontroy/dev/android-studio/jre/jre/lib/amd64/libjava.so
7f5530da1000-7f5530fa0000 ---p 0002d000 08:02 9047412                    /home/vontroy/dev/android-studio/jre/jre/lib/amd64/libjava.so
7f5530fa0000-7f5530fa1000 r--p 0002c000 08:02 9047412                    /home/vontroy/dev/android-studio/jre/jre/lib/amd64/libjava.so
7f5530fa1000-7f5530fa3000 rw-p 0002d000 08:02 9047412                    /home/vontroy/dev/android-studio/jre/jre/lib/amd64/libjava.so
7f5530fa3000-7f5530fb3000 r-xp 00000000 08:02 9047428                    /home/vontroy/dev/android-studio/jre/jre/lib/amd64/libverify.so
7f5530fb3000-7f55311b2000 ---p 00010000 08:02 9047428                    /home/vontroy/dev/android-studio/jre/jre/lib/amd64/libverify.so
7f55311b2000-7f55311b4000 r--p 0000f000 08:02 9047428                    /home/vontroy/dev/android-studio/jre/jre/lib/amd64/libverify.so
7f55311b4000-7f55311b5000 rw-p 00011000 08:02 9047428                    /home/vontroy/dev/android-studio/jre/jre/lib/amd64/libverify.so
7f55311b5000-7f55311bc000 r-xp 00000000 08:02 262335                     /lib/x86_64-linux-gnu/librt-2.23.so
7f55311bc000-7f55313bb000 ---p 00007000 08:02 262335                     /lib/x86_64-linux-gnu/librt-2.23.so
7f55313bb000-7f55313bc000 r--p 00006000 08:02 262335                     /lib/x86_64-linux-gnu/librt-2.23.so
7f55313bc000-7f55313bd000 rw-p 00007000 08:02 262335                     /lib/x86_64-linux-gnu/librt-2.23.so
7f55313bd000-7f55314c5000 r-xp 00000000 08:02 262332                     /lib/x86_64-linux-gnu/libm-2.23.so
7f55314c5000-7f55316c4000 ---p 00108000 08:02 262332                     /lib/x86_64-linux-gnu/libm-2.23.so
7f55316c4000-7f55316c5000 r--p 00107000 08:02 262332                     /lib/x86_64-linux-gnu/libm-2.23.so
7f55316c5000-7f55316c6000 rw-p 00108000 08:02 262332                     /lib/x86_64-linux-gnu/libm-2.23.so
7f55316c6000-7f55322ac000 r-xp 00000000 08:02 9047432                    /home/vontroy/dev/android-studio/jre/jre/lib/amd64/server/libjvm.so
7f55322ac000-7f55324ac000 ---p 00be6000 08:02 9047432                    /home/vontroy/dev/android-studio/jre/jre/lib/amd64/server/libjvm.so
7f55324ac000-7f553254b000 r--p 00be6000 08:02 9047432                    /home/vontroy/dev/android-studio/jre/jre/lib/amd64/server/libjvm.so
7f553254b000-7f5532574000 rw-p 00c85000 08:02 9047432                    /home/vontroy/dev/android-studio/jre/jre/lib/amd64/server/libjvm.so
7f5532574000-7f55325b6000 rw-p 00000000 00:00 0 
7f55325b6000-7f55325ce000 r-xp 00000000 08:02 262339                     /lib/x86_64-linux-gnu/libpthread-2.23.so
7f55325ce000-7f55327cd000 ---p 00018000 08:02 262339                     /lib/x86_64-linux-gnu/libpthread-2.23.so
7f55327cd000-7f55327ce000 r--p 00017000 08:02 262339                     /lib/x86_64-linux-gnu/libpthread-2.23.so
7f55327ce000-7f55327cf000 rw-p 00018000 08:02 262339                     /lib/x86_64-linux-gnu/libpthread-2.23.so
7f55327cf000-7f55327d3000 rw-p 00000000 00:00 0 
7f55327d3000-7f55327d6000 r-xp 00000000 08:02 262341                     /lib/x86_64-linux-gnu/libdl-2.23.so
7f55327d6000-7f55329d5000 ---p 00003000 08:02 262341                     /lib/x86_64-linux-gnu/libdl-2.23.so
7f55329d5000-7f55329d6000 r--p 00002000 08:02 262341                     /lib/x86_64-linux-gnu/libdl-2.23.so
7f55329d6000-7f55329d7000 rw-p 00003000 08:02 262341                     /lib/x86_64-linux-gnu/libdl-2.23.so
7f55329d7000-7f5532b96000 r-xp 00000000 08:02 262340                     /lib/x86_64-linux-gnu/libc-2.23.so
7f5532b96000-7f5532d96000 ---p 001bf000 08:02 262340                     /lib/x86_64-linux-gnu/libc-2.23.so
7f5532d96000-7f5532d9a000 r--p 001bf000 08:02 262340                     /lib/x86_64-linux-gnu/libc-2.23.so
7f5532d9a000-7f5532d9c000 rw-p 001c3000 08:02 262340                     /lib/x86_64-linux-gnu/libc-2.23.so
7f5532d9c000-7f5532da0000 rw-p 00000000 00:00 0 
7f5532da0000-7f5532db6000 r-xp 00000000 08:02 9047292                    /home/vontroy/dev/android-studio/jre/lib/amd64/jli/libjli.so
7f5532db6000-7f5532fb5000 ---p 00016000 08:02 9047292                    /home/vontroy/dev/android-studio/jre/lib/amd64/jli/libjli.so
7f5532fb5000-7f5532fb6000 r--p 00015000 08:02 9047292                    /home/vontroy/dev/android-studio/jre/lib/amd64/jli/libjli.so
7f5532fb6000-7f5532fb7000 rw-p 00016000 08:02 9047292                    /home/vontroy/dev/android-studio/jre/lib/amd64/jli/libjli.so
7f5532fb7000-7f5532fdd000 r-xp 00000000 08:02 262336                     /lib/x86_64-linux-gnu/ld-2.23.so
7f5532fe4000-7f55330b4000 rw-p 00000000 00:00 0 
7f55330b4000-7f55330b7000 ---p 00000000 00:00 0 
7f55330b7000-7f55331b9000 rw-p 00000000 00:00 0 
7f55331bc000-7f55331d0000 rw-p 00000000 00:00 0 
7f55331d0000-7f55331d8000 rw-s 00000000 08:02 6162355                    /tmp/hsperfdata_vontroy/16408
7f55331d8000-7f55331d9000 rw-p 00000000 00:00 0 
7f55331d9000-7f55331da000 ---p 00000000 00:00 0 
7f55331da000-7f55331dc000 rw-p 00000000 00:00 0 
7f55331dc000-7f55331dd000 r--p 00025000 08:02 262336                     /lib/x86_64-linux-gnu/ld-2.23.so
7f55331dd000-7f55331de000 rw-p 00026000 08:02 262336                     /lib/x86_64-linux-gnu/ld-2.23.so
7f55331de000-7f55331df000 rw-p 00000000 00:00 0 
7ffda9f62000-7ffda9f84000 rw-p 00000000 00:00 0                          [stack]
7ffda9ffb000-7ffda9ffd000 r--p 00000000 00:00 0                          [vvar]
7ffda9ffd000-7ffda9fff000 r-xp 00000000 00:00 0                          [vdso]
ffffffffff600000-ffffffffff601000 r-xp 00000000 00:00 0                  [vsyscall]

VM Arguments:
jvm_args: -Djava.awt.headless=true -Xmx1024M -Dfile.encoding=UTF-8 -Duser.country=US -Duser.language=en -Duser.variant 
java_command: com.android.dx.command.Main --dex --force-jumbo --num-threads=4 --multi-dex --output /home/vontroy/Project/Android/X3sdKdvx/coursemanagement/build/intermediates/transforms/dex/debug/folders/1000/10/rxjava-1.1.8_0443c914b52187b90b29c3f13c74d8176fb93301 /home/vontroy/.gradle/caches/modules-2/files-2.1/io.reactivex/rxjava/1.1.8/f9dbae366a6a3d6b5041c5e8db0dcdfdc35c27b5/rxjava-1.1.8.jar
java_class_path (initial): /home/vontroy/Android/Sdk/build-tools/24.0.2/lib/dx.jar
Launcher Type: SUN_STANDARD

Environment Variables:
PATH=/home/vontroy/bin:/home/vontroy/.local/bin:/usr/local/sbin:/usr/local/bin:/usr/sbin:/usr/bin:/sbin:/bin:/usr/games:/usr/local/games:/snap/bin
LD_LIBRARY_PATH=.:
SHELL=/bin/bash
DISPLAY=:0

Signal Handlers:
SIGSEGV: [libjvm.so+0x9daac0], sa_mask[0]=11111111011111111101111111111110, sa_flags=SA_RESTART|SA_SIGINFO
SIGBUS: [libjvm.so+0x9daac0], sa_mask[0]=11111111011111111101111111111110, sa_flags=SA_RESTART|SA_SIGINFO
SIGFPE: [libjvm.so+0x840d90], sa_mask[0]=11111111011111111101111111111110, sa_flags=SA_RESTART|SA_SIGINFO
SIGPIPE: [libjvm.so+0x840d90], sa_mask[0]=11111111011111111101111111111110, sa_flags=SA_RESTART|SA_SIGINFO
SIGXFSZ: [libjvm.so+0x840d90], sa_mask[0]=11111111011111111101111111111110, sa_flags=SA_RESTART|SA_SIGINFO
SIGILL: [libjvm.so+0x840d90], sa_mask[0]=11111111011111111101111111111110, sa_flags=SA_RESTART|SA_SIGINFO
SIGUSR1: SIG_DFL, sa_mask[0]=00000000000000000000000000000000, sa_flags=none
SIGUSR2: [libjvm.so+0x840c60], sa_mask[0]=00100000000000000000000000000000, sa_flags=SA_RESTART|SA_SIGINFO
SIGHUP: [libjvm.so+0x840e50], sa_mask[0]=11111111011111111101111111111110, sa_flags=SA_RESTART|SA_SIGINFO
SIGINT: [libjvm.so+0x840e50], sa_mask[0]=11111111011111111101111111111110, sa_flags=SA_RESTART|SA_SIGINFO
SIGTERM: [libjvm.so+0x840e50], sa_mask[0]=11111111011111111101111111111110, sa_flags=SA_RESTART|SA_SIGINFO
SIGQUIT: [libjvm.so+0x840e50], sa_mask[0]=11111111011111111101111111111110, sa_flags=SA_RESTART|SA_SIGINFO


---------------  S Y S T E M  ---------------

OS:DISTRIB_ID=Ubuntu
DISTRIB_RELEASE=16.04
DISTRIB_CODENAME=xenial
DISTRIB_DESCRIPTION="Ubuntu 16.04.1 LTS"

uname:Linux 4.4.0-47-generic #68-Ubuntu SMP Wed Oct 26 19:39:52 UTC 2016 x86_64
libc:glibc 2.23 NPTL 2.23 
rlimit: STACK 8192k, CORE 0k, NPROC 30968, NOFILE 65536, AS infinity
load average:16.82 10.44 8.06

/proc/meminfo:
MemTotal:        8051032 kB
MemFree:          134216 kB
MemAvailable:      55296 kB
Buffers:            1180 kB
Cached:           564220 kB
SwapCached:         5564 kB
Active:          6233396 kB
Inactive:        1250844 kB
Active(anon):    6198220 kB
Inactive(anon):  1233444 kB
Active(file):      35176 kB
Inactive(file):    17400 kB
Unevictable:         272 kB
Mlocked:             272 kB
SwapTotal:       8264700 kB
SwapFree:            184 kB
Dirty:               668 kB
Writeback:             0 kB
AnonPages:       6915660 kB
Mapped:           238344 kB
Shmem:            512916 kB
Slab:             155512 kB
SReclaimable:      61316 kB
SUnreclaim:        94196 kB
KernelStack:       32384 kB
PageTables:       141472 kB
NFS_Unstable:          0 kB
Bounce:                0 kB
WritebackTmp:          0 kB
CommitLimit:    12290216 kB
Committed_AS:   31692532 kB
VmallocTotal:   34359738367 kB
VmallocUsed:           0 kB
VmallocChunk:          0 kB
HardwareCorrupted:     0 kB
AnonHugePages:   1925120 kB
CmaTotal:              0 kB
CmaFree:               0 kB
HugePages_Total:       0
HugePages_Free:        0
HugePages_Rsvd:        0
HugePages_Surp:        0
Hugepagesize:       2048 kB
DirectMap4k:      468388 kB
DirectMap2M:     6748160 kB
DirectMap1G:     1048576 kB


CPU:total 4 (2 cores per cpu, 2 threads per core) family 6 model 61 stepping 4, cmov, cx8, fxsr, mmx, sse, sse2, sse3, ssse3, sse4.1, sse4.2, popcnt, avx, avx2, aes, clmul, erms, rtm, 3dnowpref, lzcnt, ht, tsc, tscinvbit, bmi1, bmi2, adx

/proc/cpuinfo:
processor	: 0
vendor_id	: GenuineIntel
cpu family	: 6
model		: 61
model name	: Intel(R) Core(TM) i7-5600U CPU @ 2.60GHz
stepping	: 4
microcode	: 0x21
cpu MHz		: 2899.914
cache size	: 4096 KB
physical id	: 0
siblings	: 4
core id		: 0
cpu cores	: 2
apicid		: 0
initial apicid	: 0
fpu		: yes
fpu_exception	: yes
cpuid level	: 20
wp		: yes
flags		: fpu vme de pse tsc msr pae mce cx8 apic sep mtrr pge mca cmov pat pse36 clflush dts acpi mmx fxsr sse sse2 ss ht tm pbe syscall nx pdpe1gb rdtscp lm constant_tsc arch_perfmon pebs bts rep_good nopl xtopology nonstop_tsc aperfmperf eagerfpu pni pclmulqdq dtes64 monitor ds_cpl vmx smx est tm2 ssse3 sdbg fma cx16 xtpr pdcm pcid sse4_1 sse4_2 x2apic movbe popcnt tsc_deadline_timer aes xsave avx f16c rdrand lahf_lm abm 3dnowprefetch epb intel_pt tpr_shadow vnmi flexpriority ept vpid fsgsbase tsc_adjust bmi1 hle avx2 smep bmi2 erms invpcid rtm rdseed adx smap xsaveopt dtherm ida arat pln pts
bugs		:
bogomips	: 5188.02
clflush size	: 64
cache_alignment	: 64
address sizes	: 39 bits physical, 48 bits virtual
power management:

processor	: 1
vendor_id	: GenuineIntel
cpu family	: 6
model		: 61
model name	: Intel(R) Core(TM) i7-5600U CPU @ 2.60GHz
stepping	: 4
microcode	: 0x21
cpu MHz		: 2899.914
cache size	: 4096 KB
physical id	: 0
siblings	: 4
core id		: 0
cpu cores	: 2
apicid		: 1
initial apicid	: 1
fpu		: yes
fpu_exception	: yes
cpuid level	: 20
wp		: yes
flags		: fpu vme de pse tsc msr pae mce cx8 apic sep mtrr pge mca cmov pat pse36 clflush dts acpi mmx fxsr sse sse2 ss ht tm pbe syscall nx pdpe1gb rdtscp lm constant_tsc arch_perfmon pebs bts rep_good nopl xtopology nonstop_tsc aperfmperf eagerfpu pni pclmulqdq dtes64 monitor ds_cpl vmx smx est tm2 ssse3 sdbg fma cx16 xtpr pdcm pcid sse4_1 sse4_2 x2apic movbe popcnt tsc_deadline_timer aes xsave avx f16c rdrand lahf_lm abm 3dnowprefetch epb intel_pt tpr_shadow vnmi flexpriority ept vpid fsgsbase tsc_adjust bmi1 hle avx2 smep bmi2 erms invpcid rtm rdseed adx smap xsaveopt dtherm ida arat pln pts
bugs		:
bogomips	: 5188.02
clflush size	: 64
cache_alignment	: 64
address sizes	: 39 bits physical, 48 bits virtual
power management:

processor	: 2
vendor_id	: GenuineIntel
cpu family	: 6
model		: 61
model name	: Intel(R) Core(TM) i7-5600U CPU @ 2.60GHz
stepping	: 4
microcode	: 0x21
cpu MHz		: 2847.710
cache size	: 4096 KB
physical id	: 0
siblings	: 4
core id		: 1
cpu cores	: 2
apicid		: 2
initial apicid	: 2
fpu		: yes
fpu_exception	: yes
cpuid level	: 20
wp		: yes
flags		: fpu vme de pse tsc msr pae mce cx8 apic sep mtrr pge mca cmov pat pse36 clflush dts acpi mmx fxsr sse sse2 ss ht tm pbe syscall nx pdpe1gb rdtscp lm constant_tsc arch_perfmon pebs bts rep_good nopl xtopology nonstop_tsc aperfmperf eagerfpu pni pclmulqdq dtes64 monitor ds_cpl vmx smx est tm2 ssse3 sdbg fma cx16 xtpr pdcm pcid sse4_1 sse4_2 x2apic movbe popcnt tsc_deadline_timer aes xsave avx f16c rdrand lahf_lm abm 3dnowprefetch epb intel_pt tpr_shadow vnmi flexpriority ept vpid fsgsbase tsc_adjust bmi1 hle avx2 smep bmi2 erms invpcid rtm rdseed adx smap xsaveopt dtherm ida arat pln pts
bugs		:
bogomips	: 5188.02
clflush size	: 64
cache_alignment	: 64
address sizes	: 39 bits physical, 48 bits virtual
power management:

processor	: 3
vendor_id	: GenuineIntel
cpu family	: 6
model		: 61
model name	: Intel(R) Core(TM) i7-5600U CPU @ 2.60GHz
stepping	: 4
microcode	: 0x21
cpu MHz		: 2881.023
cache size	: 4096 KB
physical id	: 0
siblings	: 4
core id		: 1
cpu cores	: 2
apicid		: 3
initial apicid	: 3
fpu		: yes
fpu_exception	: yes
cpuid level	: 20
wp		: yes
flags		: fpu vme de pse tsc msr pae mce cx8 apic sep mtrr pge mca cmov pat pse36 clflush dts acpi mmx fxsr sse sse2 ss ht tm pbe syscall nx pdpe1gb rdtscp lm constant_tsc arch_perfmon pebs bts rep_good nopl xtopology nonstop_tsc aperfmperf eagerfpu pni pclmulqdq dtes64 monitor ds_cpl vmx smx est tm2 ssse3 sdbg fma cx16 xtpr pdcm pcid sse4_1 sse4_2 x2apic movbe popcnt tsc_deadline_timer aes xsave avx f16c rdrand lahf_lm abm 3dnowprefetch epb intel_pt tpr_shadow vnmi flexpriority ept vpid fsgsbase tsc_adjust bmi1 hle avx2 smep bmi2 erms invpcid rtm rdseed adx smap xsaveopt dtherm ida arat pln pts
bugs		:
bogomips	: 5188.02
clflush size	: 64
cache_alignment	: 64
address sizes	: 39 bits physical, 48 bits virtual
power management:



Memory: 4k page, physical 8051032k(134216k free), swap 8264700k(184k free)

vm_info: OpenJDK 64-Bit Server VM (25.76-b03) for linux-amd64 JRE (1.8.0_76-release-b03), built on Jun 29 2016 09:39:19 by "builder" with gcc 4.8.4

time: Sun Nov 20 14:18:37 2016
elapsed time: 16 seconds (0d 0h 0m 16s)

